<?xml version="1.0" encoding="UTF-8"?>
<!-- Generated by org.testng.reporters.JUnitReportReporter -->
<testsuite skipped="0" hostname="home-PC" name="demoJenkin.DemoJenkinJob" tests="1" failures="0" timestamp="15 Jan 2019 07:03:51 GMT" time="0.039" errors="0">
  <testcase name="test11" time="0.039" classname="demoJenkin.DemoJenkinJob"/>
</testsuite> <!-- demoJenkin.DemoJenkinJob -->
