<?xml version="1.0" encoding="UTF-8"?>
<!-- Generated by org.testng.reporters.JUnitReportReporter -->
<testsuite hostname="home-PC" name="demoJenkin.DemoJenkinJob" tests="1" failures="0" timestamp="15 Jan 2019 08:11:10 GMT" time="0.011" errors="0">
  <testcase name="test11" time="0.011" classname="demoJenkin.DemoJenkinJob"/>
</testsuite> <!-- demoJenkin.DemoJenkinJob -->
